build/outputs/logs/manifest-merger-debug-report.txt
-- Merging decision tree log ---
manifest
ADDED from TestApp\AndroidManifest.xml:2:1-45:12
	package
		ADDED from TestApp\AndroidManifest.xml:3:5-35
	android:versionName
		ADDED from TestApp\AndroidManifest.xml:5:5-30
	android:versionCode
		ADDED from TestApp\AndroidManifest.xml:4:5-28
		INJECTED from TestApp\AndroidManifest.xml
		INJECTED from TestApp\AndroidManifest.xml
	xmlns:android
		ADDED from TestApp\AndroidManifest.xml:2:11-69
uses-sdk
ADDED from TestApp\AndroidManifest.xml:7:5-9:41
	android:targetSdkVersion
		ADDED from TestApp\AndroidManifest.xml:9:9-38
	android:minSdkVersion
		ADDED from TestApp\AndroidManifest.xml:8:9-34
application
ADDED from TestApp\AndroidManifest.xml:11:5-43:19
	android:label
		ADDED from TestApp\AndroidManifest.xml:14:9-41
	android:allowBackup
		ADDED from TestApp\AndroidManifest.xml:12:9-35
	android:icon
		ADDED from TestApp\AndroidManifest.xml:13:9-45
activity#tang.di.father.app.MainActivity
ADDED from TestApp\AndroidManifest.xml:16:9-24:20
	android:label
		ADDED from TestApp\AndroidManifest.xml:18:13-45
	android:name
		ADDED from TestApp\AndroidManifest.xml:17:13-59
intent-filter#android.intent.action.MAIN+android.intent.category.LAUNCHER
ADDED from TestApp\AndroidManifest.xml:19:13-23:29
action#android.intent.action.MAIN
ADDED from TestApp\AndroidManifest.xml:20:17-69
	android:name
		ADDED from TestApp\AndroidManifest.xml:20:25-66
category#android.intent.category.LAUNCHER
ADDED from TestApp\AndroidManifest.xml:22:17-77
	android:name
		ADDED from TestApp\AndroidManifest.xml:22:27-74
activity#tang.di.muzhu.MuZhuZhujieMianActivity
ADDED from TestApp\AndroidManifest.xml:25:9-26:20
	android:name
		ADDED from TestApp\AndroidManifest.xml:25:19-71
activity#tang.di.siliao.SiLiaoActivity
ADDED from TestApp\AndroidManifest.xml:27:9-28:20
	android:name
		ADDED from TestApp\AndroidManifest.xml:27:19-63
activity#tang.di.xiaozhu.XiaoZhuDetialActivity
ADDED from TestApp\AndroidManifest.xml:29:9-30:20
	android:name
		ADDED from TestApp\AndroidManifest.xml:29:19-71
activity#tang.di.xiaozhu.XiaoZhuListActivity
ADDED from TestApp\AndroidManifest.xml:31:9-32:20
	android:name
		ADDED from TestApp\AndroidManifest.xml:31:19-69
activity#tang.di.zhangmuzonglan.ZhangMuActivity
ADDED from TestApp\AndroidManifest.xml:33:9-34:20
	android:name
		ADDED from TestApp\AndroidManifest.xml:33:19-72
activity#tang.di.muzhu.MuZhuDetailActivity
ADDED from TestApp\AndroidManifest.xml:35:9-36:20
	android:name
		ADDED from TestApp\AndroidManifest.xml:35:19-67
activity#tang.di.muzhu.RelevanceLPActivity
ADDED from TestApp\AndroidManifest.xml:37:9-39:24
	android:name
		ADDED from TestApp\AndroidManifest.xml:38:13-61
activity#tang.di.siliao.FeedDetailActivity
ADDED from TestApp\AndroidManifest.xml:40:9-42:24
	android:name
		ADDED from TestApp\AndroidManifest.xml:41:13-61